<?xml version="1.0" encoding="UTF-8"?>
<testsuite name="compxclib.LibraryTest" tests="6" skipped="0" failures="0" errors="0" timestamp="2022-12-08T03:34:05" hostname="PEACH" time="0.092">
  <properties/>
  <testcase name="testArg" classname="compxclib.LibraryTest" time="0.025"/>
  <testcase name="testMag" classname="compxclib.LibraryTest" time="0.001"/>
  <testcase name="testSum" classname="compxclib.LibraryTest" time="0.0"/>
  <testcase name="testSubtract" classname="compxclib.LibraryTest" time="0.0"/>
  <testcase name="testTimes" classname="compxclib.LibraryTest" time="0.0"/>
  <testcase name="testDivide" classname="compxclib.LibraryTest" time="0.066"/>
  <system-out><![CDATA[]]></system-out>
  <system-err><![CDATA[]]></system-err>
</testsuite>
